<?xml version="1.0" encoding="UTF-8"?>
<testng-results ignored="0" total="2" passed="2" failed="0" skipped="0">
  <reporter-output>
  </reporter-output>
  <suite started-at="2023-06-21T00:17:26 IST" name="Suite1" finished-at="2023-06-21T00:17:45 IST" duration-ms="19625">
    <groups>
    </groups>
    <test started-at="2023-06-21T00:17:26 IST" name="Nopackage" finished-at="2023-06-21T00:17:45 IST" duration-ms="19625">
      <class name="com.hrms.testscripts.TC002">
        <test-method signature="tc002()[pri:0, instance:com.hrms.testscripts.TC002@6892b3b6]" started-at="2023-06-21T00:17:36 IST" name="tc002" finished-at="2023-06-21T00:17:45 IST" duration-ms="9880" status="PASS">
          <reporter-output>
          </reporter-output>
        </test-method> <!-- tc002 -->
      </class> <!-- com.hrms.testscripts.TC002 -->
      <class name="com.hrms.testscripts.Tcoo1">
        <test-method signature="tc001()[pri:0, instance:com.hrms.testscripts.Tcoo1@63376bed]" started-at="2023-06-21T00:17:26 IST" name="tc001" finished-at="2023-06-21T00:17:36 IST" duration-ms="9661" status="PASS">
          <reporter-output>
          </reporter-output>
        </test-method> <!-- tc001 -->
      </class> <!-- com.hrms.testscripts.Tcoo1 -->
    </test> <!-- Nopackage -->
  </suite> <!-- Suite1 -->
</testng-results>
